[32m2026-01-16 18:49:01 +0000[0m - dagster - [34mDEBUG[0m - __ASSET_JOB - 74e0815c-1d8f-47cb-973b-3cd7057742a7 - 88355 - LOGS_CAPTURED - Started capturing logs in process (pid: 88355).
[32m2026-01-16 18:49:01 +0000[0m - dagster - [34mDEBUG[0m - __ASSET_JOB - 74e0815c-1d8f-47cb-973b-3cd7057742a7 - 88355 - pdf_processing__generate_embeddings - STEP_START - Started execution of step "pdf_processing__generate_embeddings".
[32m2026-01-16 18:49:01 +0000[0m - dagster - [34mDEBUG[0m - __ASSET_JOB - 74e0815c-1d8f-47cb-973b-3cd7057742a7 - pdf_processing__generate_embeddings - Loading 1 partitions...
[32m2026-01-16 18:49:01 +0000[0m - dagster - [34mDEBUG[0m - __ASSET_JOB - 74e0815c-1d8f-47cb-973b-3cd7057742a7 - pdf_processing__generate_embeddings - Loading partition vias_respiratorias from /Users/pedromigueldesousapeixoto/Documents/AI Related Projects/study-companion/data/.tmp_dagster_home_50r1ua9e/storage/pdf_processing/extract_pdf_text/vias_respiratorias using PickledObjectFilesystemIOManager...
[32m2026-01-16 18:49:01 +0000[0m - dagster - [34mDEBUG[0m - __ASSET_JOB - 74e0815c-1d8f-47cb-973b-3cd7057742a7 - 88355 - pdf_processing__generate_embeddings - LOADED_INPUT - Loaded input "extract_pdf_text" using input manager "io_manager", from output "result" of step "pdf_processing__extract_pdf_text"
[32m2026-01-16 18:49:01 +0000[0m - dagster - [34mDEBUG[0m - __ASSET_JOB - 74e0815c-1d8f-47cb-973b-3cd7057742a7 - 88355 - pdf_processing__generate_embeddings - STEP_INPUT - Got input "extract_pdf_text" of type "[dict]". (Type check passed).
[32m2026-01-16 18:49:01 +0000[0m - dagster - [34mDEBUG[0m - __ASSET_JOB - 74e0815c-1d8f-47cb-973b-3cd7057742a7 - pdf_processing__generate_embeddings - Generating embedding for chunk 1/1 of 11_11_.Alteraciones_ViasBajasGATO_25.pdf (14959 chars)
[32m2026-01-16 18:49:01 +0000[0m - dagster - [34mINFO[0m - __ASSET_JOB - 74e0815c-1d8f-47cb-973b-3cd7057742a7 - pdf_processing__generate_embeddings - Generated 1/1 embedding(s) (dim=1536) for 11_11_.Alteraciones_ViasBajasGATO_25.pdf
[32m2026-01-16 18:49:01 +0000[0m - dagster - [34mDEBUG[0m - __ASSET_JOB - 74e0815c-1d8f-47cb-973b-3cd7057742a7 - pdf_processing__generate_embeddings - Generating embedding for chunk 1/1 of 11_11_Alteracionpleural_25.pdf (15623 chars)
[32m2026-01-16 18:49:02 +0000[0m - dagster - [34mINFO[0m - __ASSET_JOB - 74e0815c-1d8f-47cb-973b-3cd7057742a7 - pdf_processing__generate_embeddings - Generated 1/1 embedding(s) (dim=1536) for 11_11_Alteracionpleural_25.pdf
[32m2026-01-16 18:49:02 +0000[0m - dagster - [34mDEBUG[0m - __ASSET_JOB - 74e0815c-1d8f-47cb-973b-3cd7057742a7 - pdf_processing__generate_embeddings - Generating embedding for chunk 1/1 of 11_11_AlteraViasAltasPerro_25.pdf (14109 chars)
[32m2026-01-16 18:49:03 +0000[0m - dagster - [34mINFO[0m - __ASSET_JOB - 74e0815c-1d8f-47cb-973b-3cd7057742a7 - pdf_processing__generate_embeddings - Generated 1/1 embedding(s) (dim=1536) for 11_11_AlteraViasAltasPerro_25.pdf
[32m2026-01-16 18:49:03 +0000[0m - dagster - [34mDEBUG[0m - __ASSET_JOB - 74e0815c-1d8f-47cb-973b-3cd7057742a7 - pdf_processing__generate_embeddings - Generating embedding for chunk 1/1 of 11_11_DDiferencialRespiratoriogato25.pdf (4750 chars)
[32m2026-01-16 18:49:03 +0000[0m - dagster - [34mINFO[0m - __ASSET_JOB - 74e0815c-1d8f-47cb-973b-3cd7057742a7 - pdf_processing__generate_embeddings - Generated 1/1 embedding(s) (dim=1536) for 11_11_DDiferencialRespiratoriogato25.pdf
[32m2026-01-16 18:49:03 +0000[0m - dagster - [34mINFO[0m - __ASSET_JOB - 74e0815c-1d8f-47cb-973b-3cd7057742a7 - pdf_processing__generate_embeddings - Chunking Apuntes_respiratorio_MP25.pdf into 3 chunks (text length: 40553 chars)
[32m2026-01-16 18:49:03 +0000[0m - dagster - [34mDEBUG[0m - __ASSET_JOB - 74e0815c-1d8f-47cb-973b-3cd7057742a7 - pdf_processing__generate_embeddings - Generating embedding for chunk 1/3 of Apuntes_respiratorio_MP25.pdf (20000 chars)
[32m2026-01-16 18:49:03 +0000[0m - dagster - [34mDEBUG[0m - __ASSET_JOB - 74e0815c-1d8f-47cb-973b-3cd7057742a7 - pdf_processing__generate_embeddings - Generating embedding for chunk 2/3 of Apuntes_respiratorio_MP25.pdf (20000 chars)
[32m2026-01-16 18:49:04 +0000[0m - dagster - [34mDEBUG[0m - __ASSET_JOB - 74e0815c-1d8f-47cb-973b-3cd7057742a7 - pdf_processing__generate_embeddings - Generating embedding for chunk 3/3 of Apuntes_respiratorio_MP25.pdf (1553 chars)
[32m2026-01-16 18:49:04 +0000[0m - dagster - [34mINFO[0m - __ASSET_JOB - 74e0815c-1d8f-47cb-973b-3cd7057742a7 - pdf_processing__generate_embeddings - Generated 3/3 embedding(s) (dim=1536) for Apuntes_respiratorio_MP25.pdf
[32m2026-01-16 18:49:04 +0000[0m - dagster - [34mDEBUG[0m - __ASSET_JOB - 74e0815c-1d8f-47cb-973b-3cd7057742a7 - pdf_processing__generate_embeddings - Generating embedding for chunk 1/1 of 11_11_Alteraciones_VBajasPerro_25.pdf (11287 chars)
[32m2026-01-16 18:49:04 +0000[0m - dagster - [34mINFO[0m - __ASSET_JOB - 74e0815c-1d8f-47cb-973b-3cd7057742a7 - pdf_processing__generate_embeddings - Generated 1/1 embedding(s) (dim=1536) for 11_11_Alteraciones_VBajasPerro_25.pdf
[32m2026-01-16 18:49:04 +0000[0m - dagster - [34mDEBUG[0m - __ASSET_JOB - 74e0815c-1d8f-47cb-973b-3cd7057742a7 - pdf_processing__generate_embeddings - Generating embedding for chunk 1/1 of 11_11_AlterNasofgato_25.pdf (14881 chars)
[32m2026-01-16 18:49:05 +0000[0m - dagster - [34mINFO[0m - __ASSET_JOB - 74e0815c-1d8f-47cb-973b-3cd7057742a7 - pdf_processing__generate_embeddings - Generated 1/1 embedding(s) (dim=1536) for 11_11_AlterNasofgato_25.pdf
[32m2026-01-16 18:49:05 +0000[0m - dagster - [34mDEBUG[0m - __ASSET_JOB - 74e0815c-1d8f-47cb-973b-3cd7057742a7 - 88355 - pdf_processing__generate_embeddings - STEP_OUTPUT - Yielded output "result" of type "[dict]". (Type check passed).
[32m2026-01-16 18:49:05 +0000[0m - dagster - [34mDEBUG[0m - __ASSET_JOB - 74e0815c-1d8f-47cb-973b-3cd7057742a7 - pdf_processing__generate_embeddings - Writing file at: /Users/pedromigueldesousapeixoto/Documents/AI Related Projects/study-companion/data/.tmp_dagster_home_50r1ua9e/storage/pdf_processing/generate_embeddings/vias_respiratorias using PickledObjectFilesystemIOManager...
[32m2026-01-16 18:49:05 +0000[0m - dagster - [34mDEBUG[0m - __ASSET_JOB - 74e0815c-1d8f-47cb-973b-3cd7057742a7 - 88355 - pdf_processing__generate_embeddings - ASSET_MATERIALIZATION - Materialized value pdf_processing generate_embeddings.
[32m2026-01-16 18:49:05 +0000[0m - dagster - [34mDEBUG[0m - __ASSET_JOB - 74e0815c-1d8f-47cb-973b-3cd7057742a7 - 88355 - pdf_processing__generate_embeddings - HANDLED_OUTPUT - Handled output "result" using IO manager "io_manager"
[32m2026-01-16 18:49:05 +0000[0m - dagster - [34mDEBUG[0m - __ASSET_JOB - 74e0815c-1d8f-47cb-973b-3cd7057742a7 - 88355 - pdf_processing__generate_embeddings - STEP_SUCCESS - Finished execution of step "pdf_processing__generate_embeddings" in 4.15s.
