[32m2026-01-16 18:58:06 +0000[0m - dagster - [34mDEBUG[0m - __ASSET_JOB - b9638a78-0a27-4b2e-84be-d11b85d450bc - 99216 - LOGS_CAPTURED - Started capturing logs in process (pid: 99216).
[32m2026-01-16 18:58:06 +0000[0m - dagster - [34mDEBUG[0m - __ASSET_JOB - b9638a78-0a27-4b2e-84be-d11b85d450bc - 99216 - pdf_processing__extract_pdf_text - STEP_START - Started execution of step "pdf_processing__extract_pdf_text".
[32m2026-01-16 18:58:06 +0000[0m - dagster - [34mDEBUG[0m - __ASSET_JOB - b9638a78-0a27-4b2e-84be-d11b85d450bc - pdf_processing__extract_pdf_text - Loading 1 partitions...
[32m2026-01-16 18:58:06 +0000[0m - dagster - [34mDEBUG[0m - __ASSET_JOB - b9638a78-0a27-4b2e-84be-d11b85d450bc - pdf_processing__extract_pdf_text - Loading partition vias_respiratorias from /Users/pedromigueldesousapeixoto/Documents/AI Related Projects/study-companion/data/.tmp_dagster_home_50r1ua9e/storage/pdf_processing/discover_pdfs/vias_respiratorias using PickledObjectFilesystemIOManager...
[32m2026-01-16 18:58:06 +0000[0m - dagster - [34mDEBUG[0m - __ASSET_JOB - b9638a78-0a27-4b2e-84be-d11b85d450bc - 99216 - pdf_processing__extract_pdf_text - LOADED_INPUT - Loaded input "discover_pdfs" using input manager "io_manager", from output "result" of step "pdf_processing__discover_pdfs"
[32m2026-01-16 18:58:06 +0000[0m - dagster - [34mDEBUG[0m - __ASSET_JOB - b9638a78-0a27-4b2e-84be-d11b85d450bc - 99216 - pdf_processing__extract_pdf_text - STEP_INPUT - Got input "discover_pdfs" of type "[dict]". (Type check passed).
[32m2026-01-16 18:58:06 +0000[0m - dagster - [34mINFO[0m - __ASSET_JOB - b9638a78-0a27-4b2e-84be-d11b85d450bc - pdf_processing__extract_pdf_text - Extracting text from: 11_11_.Alteraciones_ViasBajasGATO_25.pdf
[32m2026-01-16 18:58:07 +0000[0m - dagster - [34mINFO[0m - __ASSET_JOB - b9638a78-0a27-4b2e-84be-d11b85d450bc - pdf_processing__extract_pdf_text - Extracted 14959 characters from 60 pages in 11_11_.Alteraciones_ViasBajasGATO_25.pdf
[32m2026-01-16 18:58:07 +0000[0m - dagster - [34mINFO[0m - __ASSET_JOB - b9638a78-0a27-4b2e-84be-d11b85d450bc - pdf_processing__extract_pdf_text - Extracting text from: 11_11_Alteracionpleural_25.pdf
[32m2026-01-16 18:58:07 +0000[0m - dagster - [34mINFO[0m - __ASSET_JOB - b9638a78-0a27-4b2e-84be-d11b85d450bc - pdf_processing__extract_pdf_text - Extracted 15623 characters from 66 pages in 11_11_Alteracionpleural_25.pdf
[32m2026-01-16 18:58:07 +0000[0m - dagster - [34mINFO[0m - __ASSET_JOB - b9638a78-0a27-4b2e-84be-d11b85d450bc - pdf_processing__extract_pdf_text - Extracting text from: 11_11_AlteraViasAltasPerro_25.pdf
[32m2026-01-16 18:58:08 +0000[0m - dagster - [34mINFO[0m - __ASSET_JOB - b9638a78-0a27-4b2e-84be-d11b85d450bc - pdf_processing__extract_pdf_text - Extracted 14109 characters from 55 pages in 11_11_AlteraViasAltasPerro_25.pdf
[32m2026-01-16 18:58:08 +0000[0m - dagster - [34mINFO[0m - __ASSET_JOB - b9638a78-0a27-4b2e-84be-d11b85d450bc - pdf_processing__extract_pdf_text - Extracting text from: 11_11_DDiferencialRespiratoriogato25.pdf
[32m2026-01-16 18:58:08 +0000[0m - dagster - [34mINFO[0m - __ASSET_JOB - b9638a78-0a27-4b2e-84be-d11b85d450bc - pdf_processing__extract_pdf_text - Extracted 4750 characters from 32 pages in 11_11_DDiferencialRespiratoriogato25.pdf
[32m2026-01-16 18:58:08 +0000[0m - dagster - [34mINFO[0m - __ASSET_JOB - b9638a78-0a27-4b2e-84be-d11b85d450bc - pdf_processing__extract_pdf_text - Extracting text from: Apuntes_respiratorio_MP25.pdf
[32m2026-01-16 18:58:08 +0000[0m - dagster - [34mINFO[0m - __ASSET_JOB - b9638a78-0a27-4b2e-84be-d11b85d450bc - pdf_processing__extract_pdf_text - Extracted 40553 characters from 21 pages in Apuntes_respiratorio_MP25.pdf
[32m2026-01-16 18:58:08 +0000[0m - dagster - [34mINFO[0m - __ASSET_JOB - b9638a78-0a27-4b2e-84be-d11b85d450bc - pdf_processing__extract_pdf_text - Extracting text from: 11_11_Alteraciones_VBajasPerro_25.pdf
[32m2026-01-16 18:58:09 +0000[0m - dagster - [34mINFO[0m - __ASSET_JOB - b9638a78-0a27-4b2e-84be-d11b85d450bc - pdf_processing__extract_pdf_text - Extracted 11287 characters from 45 pages in 11_11_Alteraciones_VBajasPerro_25.pdf
[32m2026-01-16 18:58:09 +0000[0m - dagster - [34mINFO[0m - __ASSET_JOB - b9638a78-0a27-4b2e-84be-d11b85d450bc - pdf_processing__extract_pdf_text - Extracting text from: 11_11_AlterNasofgato_25.pdf
[32m2026-01-16 18:58:09 +0000[0m - dagster - [34mINFO[0m - __ASSET_JOB - b9638a78-0a27-4b2e-84be-d11b85d450bc - pdf_processing__extract_pdf_text - Extracted 14881 characters from 58 pages in 11_11_AlterNasofgato_25.pdf
[32m2026-01-16 18:58:09 +0000[0m - dagster - [34mDEBUG[0m - __ASSET_JOB - b9638a78-0a27-4b2e-84be-d11b85d450bc - 99216 - pdf_processing__extract_pdf_text - STEP_OUTPUT - Yielded output "result" of type "[dict]". (Type check passed).
[32m2026-01-16 18:58:09 +0000[0m - dagster - [34mDEBUG[0m - __ASSET_JOB - b9638a78-0a27-4b2e-84be-d11b85d450bc - pdf_processing__extract_pdf_text - Writing file at: /Users/pedromigueldesousapeixoto/Documents/AI Related Projects/study-companion/data/.tmp_dagster_home_50r1ua9e/storage/pdf_processing/extract_pdf_text/vias_respiratorias using PickledObjectFilesystemIOManager...
[32m2026-01-16 18:58:09 +0000[0m - dagster - [34mDEBUG[0m - __ASSET_JOB - b9638a78-0a27-4b2e-84be-d11b85d450bc - 99216 - pdf_processing__extract_pdf_text - ASSET_MATERIALIZATION - Materialized value pdf_processing extract_pdf_text.
[32m2026-01-16 18:58:09 +0000[0m - dagster - [34mDEBUG[0m - __ASSET_JOB - b9638a78-0a27-4b2e-84be-d11b85d450bc - 99216 - pdf_processing__extract_pdf_text - HANDLED_OUTPUT - Handled output "result" using IO manager "io_manager"
[32m2026-01-16 18:58:09 +0000[0m - dagster - [34mDEBUG[0m - __ASSET_JOB - b9638a78-0a27-4b2e-84be-d11b85d450bc - 99216 - pdf_processing__extract_pdf_text - STEP_SUCCESS - Finished execution of step "pdf_processing__extract_pdf_text" in 2.66s.
