[32m2026-01-16 18:43:47 +0000[0m - dagster - [34mDEBUG[0m - __ASSET_JOB - ef377104-7bca-4436-b988-5b175a24e9e2 - 81478 - LOGS_CAPTURED - Started capturing logs in process (pid: 81478).
[32m2026-01-16 18:43:47 +0000[0m - dagster - [34mDEBUG[0m - __ASSET_JOB - ef377104-7bca-4436-b988-5b175a24e9e2 - 81478 - pdf_processing__extract_pdf_text_extracted_text_structure_check - STEP_START - Started execution of step "pdf_processing__extract_pdf_text_extracted_text_structure_check".
[32m2026-01-16 18:43:47 +0000[0m - dagster - [34mDEBUG[0m - __ASSET_JOB - ef377104-7bca-4436-b988-5b175a24e9e2 - pdf_processing__extract_pdf_text_extracted_text_structure_check - Loading 3 partitions...
[32m2026-01-16 18:43:47 +0000[0m - dagster - [34mDEBUG[0m - __ASSET_JOB - ef377104-7bca-4436-b988-5b175a24e9e2 - pdf_processing__extract_pdf_text_extracted_text_structure_check - Loading partition dagster-book from /Users/pedromigueldesousapeixoto/Documents/AI Related Projects/study-companion/data/.tmp_dagster_home_50r1ua9e/storage/pdf_processing/extract_pdf_text/dagster-book using PickledObjectFilesystemIOManager...
[32m2026-01-16 18:43:47 +0000[0m - dagster - [34mDEBUG[0m - __ASSET_JOB - ef377104-7bca-4436-b988-5b175a24e9e2 - pdf_processing__extract_pdf_text_extracted_text_structure_check - Loading partition sample from /Users/pedromigueldesousapeixoto/Documents/AI Related Projects/study-companion/data/.tmp_dagster_home_50r1ua9e/storage/pdf_processing/extract_pdf_text/sample using PickledObjectFilesystemIOManager...
[32m2026-01-16 18:43:47 +0000[0m - dagster - [34mERROR[0m - [31m__ASSET_JOB - ef377104-7bca-4436-b988-5b175a24e9e2 - 81478 - pdf_processing__extract_pdf_text_extracted_text_structure_check - STEP_FAILURE - Execution of step "pdf_processing__extract_pdf_text_extracted_text_structure_check" failed.

dagster._core.errors.DagsterExecutionLoadInputError: Error occurred while loading input "extract_pdf_text" of step "pdf_processing__extract_pdf_text_extracted_text_structure_check"::

FileNotFoundError: [Errno 2] No such file or directory: '/Users/pedromigueldesousapeixoto/Documents/AI Related Projects/study-companion/data/.tmp_dagster_home_50r1ua9e/storage/pdf_processing/extract_pdf_text/sample'

Stack Trace:
  File "/Users/pedromigueldesousapeixoto/Documents/AI Related Projects/study-companion/data/.venv/lib/python3.12/site-packages/dagster/_core/execution/plan/utils.py", line 57, in op_execution_error_boundary
    yield
  File "/Users/pedromigueldesousapeixoto/Documents/AI Related Projects/study-companion/data/.venv/lib/python3.12/site-packages/dagster/_core/execution/plan/inputs.py", line 617, in _load_input_with_input_manager
    value = input_manager.load_input(context)
            ^^^^^^^^^^^^^^^^^^^^^^^^^^^^^^^^^
  File "/Users/pedromigueldesousapeixoto/Documents/AI Related Projects/study-companion/data/.venv/lib/python3.12/site-packages/dagster/_core/storage/upath_io_manager.py", line 413, in load_input
    return self._load_partitions(context)
           ^^^^^^^^^^^^^^^^^^^^^^^^^^^^^^
  File "/Users/pedromigueldesousapeixoto/Documents/AI Related Projects/study-companion/data/.venv/lib/python3.12/site-packages/dagster/_core/storage/upath_io_manager.py", line 397, in _load_partitions
    return self.load_partitions(context)
           ^^^^^^^^^^^^^^^^^^^^^^^^^^^^^
  File "/Users/pedromigueldesousapeixoto/Documents/AI Related Projects/study-companion/data/.venv/lib/python3.12/site-packages/dagster/_core/storage/upath_io_manager.py", line 80, in load_partitions
    obj = self._load_partition_from_path(
          ^^^^^^^^^^^^^^^^^^^^^^^^^^^^^^^
  File "/Users/pedromigueldesousapeixoto/Documents/AI Related Projects/study-companion/data/.venv/lib/python3.12/site-packages/dagster/_core/storage/upath_io_manager.py", line 329, in _load_partition_from_path
    raise e
  File "/Users/pedromigueldesousapeixoto/Documents/AI Related Projects/study-companion/data/.venv/lib/python3.12/site-packages/dagster/_core/storage/upath_io_manager.py", line 308, in _load_partition_from_path
    obj = self.load_from_path(context=context, path=path)
          ^^^^^^^^^^^^^^^^^^^^^^^^^^^^^^^^^^^^^^^^^^^^^^^
  File "/Users/pedromigueldesousapeixoto/Documents/AI Related Projects/study-companion/data/.venv/lib/python3.12/site-packages/dagster/_core/storage/fs_io_manager.py", line 285, in load_from_path
    with path.open("rb") as file:
         ^^^^^^^^^^^^^^^
  File "/Users/pedromigueldesousapeixoto/Documents/AI Related Projects/study-companion/data/.venv/lib/python3.12/site-packages/upath/implementations/local.py", line 351, in open
    return super().open(mode, **kwargs)  # type: ignore  # noqa: E501
           ^^^^^^^^^^^^^^^^^^^^^^^^^^^^
  File "/opt/homebrew/Cellar/python@3.12/3.12.10_1/Frameworks/Python.framework/Versions/3.12/lib/python3.12/pathlib.py", line 1013, in open
    return io.open(self, mode, buffering, encoding, errors, newline)
           ^^^^^^^^^^^^^^^^^^^^^^^^^^^^^^^^^^^^^^^^^^^^^^^^^^^^^^^^^
[0m
